<?xml version="1.0" encoding="UTF-8"?>
<!-- Generated by org.testng.reporters.JUnitReportReporter -->
<testsuite hostname="Ashitosh_Lappy" name="TestNG.NewTestNG" tests="2" failures="0" timestamp="30 Apr 2016 07:18:05 GMT" time="7.997" errors="0">
  <testcase name="login" time="5.709" classname="TestNG.NewTestNG"/>
  <testcase name="logoff" time="2.288" classname="TestNG.NewTestNG"/>
</testsuite> <!-- TestNG.NewTestNG -->
