<?xml version="1.0" encoding="UTF-8"?>
<!-- Generated by org.testng.reporters.JUnitReportReporter -->
<testsuite hostname="Ashitosh_Lappy" name="TestNG.Sagar" tests="1" failures="0" timestamp="8 May 2016 04:30:53 GMT" time="98.409" errors="0">
  <testcase name="f" time="98.409" classname="TestNG.Sagar"/>
</testsuite> <!-- TestNG.Sagar -->
