<?xml version="1.0" encoding="UTF-8"?>
<!-- Generated by org.testng.reporters.JUnitReportReporter -->
<testsuite hostname="Ashitosh_Lappy" name="TestNG.AjaxObjectDraggable" tests="1" failures="0" timestamp="8 May 2016 04:52:01 GMT" time="31.396" errors="0">
  <testcase name="f" time="31.396" classname="TestNG.AjaxObjectDraggable"/>
</testsuite> <!-- TestNG.AjaxObjectDraggable -->
