<?xml version="1.0" encoding="UTF-8"?>
<!-- Generated by org.testng.reporters.JUnitReportReporter -->
<testsuite hostname="Ashitosh_Lappy" name="TestNG.SuitXMLParameterPass" tests="1" failures="0" timestamp="7 May 2016 07:42:58 GMT" time="63.817" errors="0">
  <testcase name="f" time="63.817" classname="TestNG.SuitXMLParameterPass"/>
</testsuite> <!-- TestNG.SuitXMLParameterPass -->
