<?xml version="1.0" encoding="UTF-8"?>
<!-- Generated by org.testng.reporters.JUnitReportReporter -->
<testsuite hostname="Ashitosh_Lappy" name="TestNG.NewTest2" tests="3" failures="0" timestamp="30 Apr 2016 07:18:05 GMT" time="0.008" errors="0">
  <testcase name="b_test" time="0.002" classname="TestNG.NewTest2"/>
  <testcase name="c_test" time="0.002" classname="TestNG.NewTest2"/>
  <testcase name="a_test" time="0.004" classname="TestNG.NewTest2"/>
</testsuite> <!-- TestNG.NewTest2 -->
