<?xml version="1.0" encoding="UTF-8"?>
<!-- Generated by org.testng.reporters.JUnitReportReporter -->
<testsuite hostname="Ashitosh_Lappy" name="TestNG.IEBrowser" tests="2" failures="0" timestamp="7 May 2016 07:17:00 GMT" time="67.804" errors="0">
  <testcase name="Login" time="63.848" classname="TestNG.IEBrowser"/>
  <testcase name="f" time="3.956" classname="TestNG.IEBrowser"/>
</testsuite> <!-- TestNG.IEBrowser -->
