<?xml version="1.0" encoding="UTF-8"?>
<!-- Generated by org.testng.reporters.JUnitReportReporter -->
<testsuite hostname="Ashitosh_Lappy" name="TestNG.NewTest" tests="4" failures="0" timestamp="30 Apr 2016 07:18:05 GMT" time="0.030" errors="0">
  <testcase name="sample" time="0.012" classname="TestNG.NewTest"/>
  <testcase name="c_test" time="0.008" classname="TestNG.NewTest"/>
  <testcase name="a_test" time="0.004" classname="TestNG.NewTest"/>
  <testcase name="b_test" time="0.006" classname="TestNG.NewTest"/>
</testsuite> <!-- TestNG.NewTest -->
